{"/Users/khanhtran/Desktop/Dev/learning/nx-jest-sonar/packages/say-hello/src/lib/say-hello.ts": {"path":"/Users/khanhtran/Desktop/Dev/learning/nx-jest-sonar/packages/say-hello/src/lib/say-hello.ts","statementMap":{"0":{"start":{"line":2,"column":2},"end":{"line":2,"column":29}},"1":{"start":{"line":2,"column":13},"end":{"line":2,"column":29}},"2":{"start":{"line":3,"column":2},"end":{"line":3,"column":36}},"3":{"start":{"line":1,"column":0},"end":{"line":1,"column":16}}},"fnMap":{"0":{"name":"sayHello","decl":{"start":{"line":1,"column":16},"end":{"line":1,"column":24}},"loc":{"start":{"line":1,"column":38},"end":{"line":4,"column":1}}}},"branchMap":{"0":{"loc":{"start":{"line":2,"column":2},"end":{"line":2,"column":29}},"type":"if","locations":[{"start":{"line":2,"column":2},"end":{"line":2,"column":29}}]}},"s":{"0":2,"1":1,"2":1,"3":1},"f":{"0":2},"b":{"0":[1]}}
}
