{"/Users/khanhtran/Desktop/Dev/learning/nx-jest-sonar/packages/mul/src/lib/mul.ts": {"path":"/Users/khanhtran/Desktop/Dev/learning/nx-jest-sonar/packages/mul/src/lib/mul.ts","statementMap":{"0":{"start":{"line":2,"column":2},"end":{"line":2,"column":15}},"1":{"start":{"line":1,"column":0},"end":{"line":1,"column":16}},"2":{"start":{"line":5,"column":30},"end":{"line":5,"column":61}},"3":{"start":{"line":5,"column":54},"end":{"line":5,"column":61}},"4":{"start":{"line":5,"column":13},"end":{"line":5,"column":30}}},"fnMap":{"0":{"name":"mul","decl":{"start":{"line":1,"column":16},"end":{"line":1,"column":19}},"loc":{"start":{"line":1,"column":40},"end":{"line":3,"column":1}}},"1":{"name":"(anonymous_1)","decl":{"start":{"line":5,"column":30},"end":{"line":5,"column":31}},"loc":{"start":{"line":5,"column":54},"end":{"line":5,"column":61}}}},"branchMap":{},"s":{"0":1,"1":1,"2":1,"3":1,"4":1},"f":{"0":1,"1":1},"b":{}}
}
