{"/Users/khanhtran/Desktop/Dev/learning/nx-jest-sonar/packages/say-good-bye/src/lib/say-good-bye.ts": {"path":"/Users/khanhtran/Desktop/Dev/learning/nx-jest-sonar/packages/say-good-bye/src/lib/say-good-bye.ts","statementMap":{"0":{"start":{"line":5,"column":2},"end":{"line":5,"column":27}},"1":{"start":{"line":5,"column":15},"end":{"line":5,"column":27}},"2":{"start":{"line":6,"column":15},"end":{"line":6,"column":20}},"3":{"start":{"line":7,"column":2},"end":{"line":7,"column":29}},"4":{"start":{"line":1,"column":0},"end":{"line":1,"column":16}},"5":{"start":{"line":10,"column":17},"end":{"line":10,"column":19}}},"fnMap":{"0":{"name":"sayGoodBye","decl":{"start":{"line":1,"column":16},"end":{"line":1,"column":26}},"loc":{"start":{"line":1,"column":26},"end":{"line":8,"column":1}}}},"branchMap":{"0":{"loc":{"start":{"line":5,"column":2},"end":{"line":5,"column":27}},"type":"if","locations":[{"start":{"line":5,"column":2},"end":{"line":5,"column":27}}]}},"s":{"0":1,"1":0,"2":1,"3":1,"4":1,"5":1},"f":{"0":1},"b":{"0":[0]}}
}
