TN:
SF:packages/add/src/lib/add.ts
FN:1,add
FNF:1
FNH:1
FNDA:1,add
DA:1,1
DA:2,1
LF:2
LH:2
BRF:0
BRH:0
end_of_record
TN:
SF:packages/mul/src/lib/mul.ts
FN:1,mul
FN:5,(anonymous_1)
FNF:2
FNH:2
FNDA:1,mul
FNDA:1,(anonymous_1)
DA:1,1
DA:2,1
DA:5,1
LF:3
LH:3
BRF:0
BRH:0
end_of_record
TN:
SF:packages/random-quote/src/lib/random-quote.ts
FN:1,randomQuote
FN:5,(anonymous_1)
FN:12,(anonymous_2)
FNF:3
FNH:2
FNDA:1,randomQuote
FNDA:1,(anonymous_1)
FNDA:0,(anonymous_2)
DA:1,1
DA:2,1
DA:5,1
DA:6,1
DA:7,0
DA:9,1
DA:12,1
LF:7
LH:6
BRDA:6,0,0,0
BRF:1
BRH:0
end_of_record
TN:
SF:packages/say-good-bye/src/lib/say-good-bye.ts
FN:1,sayGoodBye
FNF:1
FNH:1
FNDA:1,sayGoodBye
DA:1,1
DA:5,1
DA:6,1
DA:7,1
DA:10,1
LF:5
LH:5
BRDA:5,0,0,0
BRF:1
BRH:0
end_of_record
TN:
SF:packages/say-hello/src/lib/say-hello.ts
FN:1,sayHello
FNF:1
FNH:1
FNDA:2,sayHello
DA:1,1
DA:2,2
DA:3,1
LF:3
LH:3
BRDA:2,0,0,1
BRF:1
BRH:1
end_of_record
TN:
SF:packages/add/src/lib/add.ts
FN:1,add
FNF:1
FNH:1
FNDA:1,add
DA:1,1
DA:2,1
LF:2
LH:2
BRF:0
BRH:0
end_of_record
TN:
SF:packages/mul/src/lib/mul.ts
FN:1,mul
FN:5,(anonymous_1)
FNF:2
FNH:2
FNDA:1,mul
FNDA:1,(anonymous_1)
DA:1,1
DA:2,1
DA:5,1
LF:3
LH:3
BRF:0
BRH:0
end_of_record
TN:
SF:packages/random-quote/src/lib/random-quote.ts
FN:1,randomQuote
FN:5,(anonymous_1)
FN:12,(anonymous_2)
FNF:3
FNH:2
FNDA:1,randomQuote
FNDA:1,(anonymous_1)
FNDA:0,(anonymous_2)
DA:1,1
DA:2,1
DA:5,1
DA:6,1
DA:7,0
DA:9,1
DA:12,1
LF:7
LH:6
BRDA:6,0,0,0
BRF:1
BRH:0
end_of_record
TN:
SF:packages/say-good-bye/src/lib/say-good-bye.ts
FN:1,sayGoodBye
FNF:1
FNH:1
FNDA:1,sayGoodBye
DA:1,1
DA:5,1
DA:6,1
DA:7,1
DA:10,1
LF:5
LH:5
BRDA:5,0,0,0
BRF:1
BRH:0
end_of_record
TN:
SF:packages/say-hello/src/lib/say-hello.ts
FN:1,sayHello
FNF:1
FNH:1
FNDA:2,sayHello
DA:1,1
DA:2,2
DA:3,1
LF:3
LH:3
BRDA:2,0,0,1
BRF:1
BRH:1
end_of_record
